<?xml version="1.0" encoding="UTF-8"?>
<!-- Generated by org.testng.reporters.JUnitReportReporter -->
<testsuite hostname="DESKTOP-MN986D6" failures="0" tests="1" name="testNG1.SampleScriptTest" time="0.073" errors="0" timestamp="2022-11-27T20:27:37 IST" skipped="0">
  <testcase classname="testNG1.SampleScriptTest" name="verifyTitle" time="0.073"/>
  <system-out/>
</testsuite> <!-- testNG1.SampleScriptTest -->
