<?xml version="1.0" encoding="UTF-8"?>
<!-- Generated by org.testng.reporters.JUnitReportReporter -->
<testsuite hostname="DESKTOP-MN986D6" failures="0" tests="2" name="testNG1.NewTest3" time="0.038" errors="0" timestamp="2022-11-27T21:45:37 IST" skipped="0">
  <testcase classname="testNG1.NewTest3" name="verifyTitle" time="0.023"/>
  <system-out/>
  <testcase classname="testNG1.NewTest3" name="verifyURL" time="0.015"/>
  <system-out/>
</testsuite> <!-- testNG1.NewTest3 -->
