<?xml version="1.0" encoding="UTF-8"?>
<!-- Generated by org.testng.reporters.JUnitReportReporter -->
<testsuite hostname="DESKTOP-MN986D6" failures="0" tests="4" name="testNG2.Description" time="0.017" errors="0" timestamp="2022-11-28T10:49:59 IST" skipped="0">
  <testcase classname="testNG2.Description" name="enterCred" time="0.002"/>
  <system-out/>
  <testcase classname="testNG2.Description" name="verifyTitle" time="0.002"/>
  <system-out/>
  <testcase classname="testNG2.Description" name="clickabilityOfButton" time="0.011"/>
  <system-out/>
  <testcase classname="testNG2.Description" name="loginFlow" time="0.002"/>
  <system-out/>
</testsuite> <!-- testNG2.Description -->
