<?xml version="1.0" encoding="UTF-8"?>
<!-- Generated by org.testng.reporters.JUnitReportReporter -->
<testsuite hostname="DESKTOP-MN986D6" failures="0" tests="1" name="testNG2.SampleTestScript" time="0.074" errors="0" timestamp="2022-11-28T10:10:43 IST" skipped="0">
  <testcase classname="testNG2.SampleTestScript" name="verifyTitle" time="0.074"/>
  <system-out/>
</testsuite> <!-- testNG2.SampleTestScript -->
