<?xml version="1.0" encoding="UTF-8"?>
<!-- Generated by org.testng.reporters.JUnitReportReporter -->
<testsuite hostname="DESKTOP-MN986D6" failures="0" tests="4" name="testNG1.TimeOut" time="4.039" errors="0" timestamp="2022-11-27T21:08:40 IST" skipped="0">
  <testcase classname="testNG1.TimeOut" name="enterCred" time="0.004"/>
  <system-out/>
  <testcase classname="testNG1.TimeOut" name="verifyTitle" time="0.005"/>
  <system-out/>
  <testcase classname="testNG1.TimeOut" name="clickabilityOfButton" time="0.015"/>
  <system-out/>
  <testcase classname="testNG1.TimeOut" name="loginFlow" time="4.015"/>
  <system-out/>
</testsuite> <!-- testNG1.TimeOut -->
