<?xml version="1.0" encoding="UTF-8"?>
<!-- Generated by org.testng.reporters.JUnitReportReporter -->
<testsuite hostname="DESKTOP-MN986D6" failures="0" tests="4" name="testNg.Test4Priority" time="0.043" errors="0" timestamp="2022-10-30T21:44:10 IST" skipped="0">
  <testcase classname="testNg.Test4Priority" name="verifyTitle" time="0.023"/>
  <system-out/>
  <testcase classname="testNg.Test4Priority" name="loginFlow" time="0.008"/>
  <system-out/>
  <testcase classname="testNg.Test4Priority" name="clickabilityOfButton" time="0.006"/>
  <system-out/>
  <testcase classname="testNg.Test4Priority" name="applyButton" time="0.006"/>
  <system-out/>
</testsuite> <!-- testNg.Test4Priority -->
