<?xml version="1.0" encoding="UTF-8"?>
<!-- Generated by org.testng.reporters.JUnitReportReporter -->
<testsuite hostname="DESKTOP-MN986D6" failures="0" tests="4" name="testNG1.AlfphabetOrderDefaultExecution" time="0.036" errors="0" timestamp="2022-11-09T13:49:39 IST" skipped="0">
  <testcase classname="testNG1.AlfphabetOrderDefaultExecution" name="clickabilityOfButton" time="0.006"/>
  <system-out/>
  <testcase classname="testNG1.AlfphabetOrderDefaultExecution" name="loginFlow" time="0.007"/>
  <system-out/>
  <testcase classname="testNG1.AlfphabetOrderDefaultExecution" name="applyButton" time="0.018"/>
  <system-out/>
  <testcase classname="testNG1.AlfphabetOrderDefaultExecution" name="verifyTitle" time="0.005"/>
  <system-out/>
</testsuite> <!-- testNG1.AlfphabetOrderDefaultExecution -->
