<?xml version="1.0" encoding="UTF-8"?>
<!-- Generated by org.testng.reporters.JUnitReportReporter -->
<testsuite hostname="DESKTOP-MN986D6" failures="0" tests="1" name="testNg.Test3" time="0.404" errors="0" timestamp="2022-10-30T21:14:52 IST" skipped="0">
  <testcase classname="testNg.Test3" name="verifyTitle" time="0.404"/>
  <system-out/>
</testsuite> <!-- testNg.Test3 -->
