<?xml version="1.0" encoding="UTF-8"?>
<!-- Generated by org.testng.reporters.JUnitReportReporter -->
<testsuite hostname="DESKTOP-MN986D6" failures="0" tests="4" name="testNG2.EnabledExecution" time="0.018" errors="0" timestamp="2022-11-28T10:41:02 IST" skipped="2">
  <testcase classname="testNG2.EnabledExecution" name="enterCred" time="0.003"/>
  <system-out/>
  <testcase classname="testNG2.EnabledExecution" name="clickabilityOfButton" time="0.015"/>
  <system-out/>
  <testcase classname="testNG2.EnabledExecution" name="loginFlow">
    <skipped/>
  </testcase> <!-- loginFlow -->
  <system-out/>
  <testcase classname="testNG2.EnabledExecution" name="verifyTitle">
    <skipped/>
  </testcase> <!-- verifyTitle -->
  <system-out/>
</testsuite> <!-- testNG2.EnabledExecution -->
