<?xml version="1.0" encoding="UTF-8"?>
<!-- Generated by org.testng.reporters.JUnitReportReporter -->
<testsuite hostname="DESKTOP-MN986D6" failures="0" tests="4" name="testNG2.PriorityExecution" time="0.021" errors="0" timestamp="2022-11-28T10:26:16 IST" skipped="0">
  <testcase classname="testNG2.PriorityExecution" name="loginFlow" time="0.014"/>
  <system-out/>
  <testcase classname="testNG2.PriorityExecution" name="clickabilityOfButton" time="0.003"/>
  <system-out/>
  <testcase classname="testNG2.PriorityExecution" name="verifyTitle" time="0.002"/>
  <system-out/>
  <testcase classname="testNG2.PriorityExecution" name="applyButton" time="0.002"/>
  <system-out/>
</testsuite> <!-- testNG2.PriorityExecution -->
