<?xml version="1.0" encoding="UTF-8"?>
<!-- Generated by org.testng.reporters.JUnitReportReporter -->
<testsuite hostname="DESKTOP-MN986D6" failures="0" tests="4" name="testNG2.TimeOut" time="4.045" errors="0" timestamp="2022-11-28T10:58:38 IST" skipped="0">
  <testcase classname="testNG2.TimeOut" name="verifyTitle" time="0.004"/>
  <system-out/>
  <testcase classname="testNG2.TimeOut" name="loginFlow" time="0.003"/>
  <system-out/>
  <testcase classname="testNG2.TimeOut" name="clickabilityOfButton" time="4.035"/>
  <system-out/>
  <testcase classname="testNG2.TimeOut" name="enterCred" time="0.003"/>
  <system-out/>
</testsuite> <!-- testNG2.TimeOut -->
