<?xml version="1.0" encoding="UTF-8"?>
<!-- Generated by org.testng.reporters.JUnitReportReporter -->
<testsuite hostname="DESKTOP-MN986D6" failures="0" tests="4" name="testNG1.Description" time="0.021" errors="0" timestamp="2022-11-27T21:00:28 IST" skipped="0">
  <testcase classname="testNG1.Description" name="clickabilityOfButton" time="0.014"/>
  <system-out/>
  <testcase classname="testNG1.Description" name="verifyTitle" time="0.001"/>
  <system-out/>
  <testcase classname="testNG1.Description" name="loginFlow" time="0.002"/>
  <system-out/>
  <testcase classname="testNG1.Description" name="enterCred" time="0.004"/>
  <system-out/>
</testsuite> <!-- testNG1.Description -->
