<?xml version="1.0" encoding="UTF-8"?>
<!-- Generated by org.testng.reporters.JUnitReportReporter -->
<testsuite hostname="DESKTOP-MN986D6" failures="0" tests="2" name="testNG2.Test1" time="0.010" errors="0" timestamp="2022-11-28T09:35:01 IST" skipped="0">
  <testcase classname="testNG2.Test1" name="testCase1" time="0.006"/>
  <system-out/>
  <testcase classname="testNG2.Test1" name="testCase2" time="0.004"/>
  <system-out/>
</testsuite> <!-- testNG2.Test1 -->
