<?xml version="1.0" encoding="UTF-8"?>
<!-- Generated by org.testng.reporters.JUnitReportReporter -->
<testsuite hostname="DESKTOP-MN986D6" failures="0" tests="8" name="testNG2.InvocatonCount" time="0.040" errors="0" timestamp="2022-11-28T10:45:12 IST" skipped="0">
  <testcase classname="testNG2.InvocatonCount" name="enterCred" time="0.003"/>
  <system-out/>
  <testcase classname="testNG2.InvocatonCount" name="clickabilityOfButton" time="0.015"/>
  <system-out/>
  <testcase classname="testNG2.InvocatonCount" name="loginFlow" time="0.002"/>
  <system-out/>
  <testcase classname="testNG2.InvocatonCount" name="enterCred" time="0.003"/>
  <system-out/>
  <testcase classname="testNG2.InvocatonCount" name="verifyTitle" time="0.003"/>
  <system-out/>
  <testcase classname="testNG2.InvocatonCount" name="clickabilityOfButton" time="0.005"/>
  <system-out/>
  <testcase classname="testNG2.InvocatonCount" name="clickabilityOfButton" time="0.006"/>
  <system-out/>
  <testcase classname="testNG2.InvocatonCount" name="verifyTitle" time="0.003"/>
  <system-out/>
</testsuite> <!-- testNG2.InvocatonCount -->
