<?xml version="1.0" encoding="UTF-8"?>
<!-- Generated by org.testng.reporters.JUnitReportReporter -->
<testsuite hostname="DESKTOP-MN986D6" failures="0" tests="3" name="testNg.Facebook" time="6.758" errors="0" timestamp="2022-10-30T23:55:03 IST" skipped="0">
  <testcase classname="testNg.Facebook" name="passwordFieldEnabled" time="2.208"/>
  <system-out/>
  <testcase classname="testNg.Facebook" name="verifyTitle" time="2.023"/>
  <system-out/>
  <testcase classname="testNg.Facebook" name="facebookLogoisDisplayed" time="2.527"/>
  <system-out/>
</testsuite> <!-- testNg.Facebook -->
