<?xml version="1.0" encoding="UTF-8"?>
<!-- Generated by org.testng.reporters.JUnitReportReporter -->
<testsuite hostname="DESKTOP-MN986D6" failures="0" tests="3" name="testNg.Google" time="6.284" errors="0" timestamp="2022-10-31T00:15:47 IST" skipped="0">
  <testcase classname="testNg.Google" name="verifyUrl" time="2.030"/>
  <system-out/>
  <testcase classname="testNg.Google" name="verifyTitle" time="2.084"/>
  <system-out/>
  <testcase classname="testNg.Google" name="facebookLogoisDisplayed" time="2.170"/>
  <system-out/>
</testsuite> <!-- testNg.Google -->
