<?xml version="1.0" encoding="UTF-8"?>
<!-- Generated by org.testng.reporters.JUnitReportReporter -->
<testsuite hostname="DESKTOP-MN986D6" failures="0" tests="4" name="testNG1.ParallelTesting" time="0.346" errors="0" timestamp="2022-11-27T21:33:13 IST" skipped="0">
  <testcase classname="testNG1.ParallelTesting" name="verifyURL" time="0.015"/>
  <system-out/>
  <testcase classname="testNG1.ParallelTesting" name="verifyTitle" time="0.158"/>
  <system-out/>
  <testcase classname="testNG1.ParallelTesting" name="verifyURL" time="0.015"/>
  <system-out/>
  <testcase classname="testNG1.ParallelTesting" name="verifyTitle" time="0.158"/>
  <system-out/>
</testsuite> <!-- testNG1.ParallelTesting -->
