<?xml version="1.0" encoding="UTF-8"?>
<!-- Generated by org.testng.reporters.JUnitReportReporter -->
<testsuite hostname="DESKTOP-MN986D6" failures="0" tests="2" name="testNG2.Group1" time="0.016" errors="0" timestamp="2022-11-28T15:53:29 IST" skipped="0">
  <testcase classname="testNG2.Group1" name="clickabilityOfButton" time="0.014"/>
  <system-out/>
  <testcase classname="testNG2.Group1" name="enterCred" time="0.002"/>
  <system-out/>
</testsuite> <!-- testNG2.Group1 -->
