<?xml version="1.0" encoding="UTF-8"?>
<!-- Generated by org.testng.reporters.JUnitReportReporter -->
<testsuite hostname="DESKTOP-MN986D6" failures="0" tests="4" name="testNG2.ParallelTesting" time="1.528" errors="0" timestamp="2022-11-28T15:13:44 IST" skipped="0">
  <testcase classname="testNG2.ParallelTesting" name="verifyTitle" time="0.778"/>
  <system-out/>
  <testcase classname="testNG2.ParallelTesting" name="verifyUrl" time="0.016"/>
  <system-out/>
  <testcase classname="testNG2.ParallelTesting" name="verifyTitle" time="0.718"/>
  <system-out/>
  <testcase classname="testNG2.ParallelTesting" name="verifyUrl" time="0.016"/>
  <system-out/>
</testsuite> <!-- testNG2.ParallelTesting -->
