<?xml version="1.0" encoding="UTF-8"?>
<!-- Generated by org.testng.reporters.JUnitReportReporter -->
<testsuite hostname="DESKTOP-MN986D6" failures="0" tests="3" name="testNG1.Group1" time="0.022" errors="0" timestamp="2022-11-28T16:40:14 IST" skipped="0">
  <testcase classname="testNG1.Group1" name="testCase4" time="0.004"/>
  <system-out/>
  <testcase classname="testNG1.Group1" name="testCase3" time="0.003"/>
  <system-out/>
  <testcase classname="testNG1.Group1" name="handleAlert" time="0.015"/>
  <system-out/>
</testsuite> <!-- testNG1.Group1 -->
