<?xml version="1.0" encoding="UTF-8"?>
<!-- Generated by org.testng.reporters.JUnitReportReporter -->
<testsuite hostname="DESKTOP-MN986D6" failures="0" tests="4" name="testNG1.Enabled" time="0.018" errors="0" timestamp="2022-11-27T20:52:14 IST" skipped="2">
  <testcase classname="testNG1.Enabled" name="enterCred" time="0.004"/>
  <system-out/>
  <testcase classname="testNG1.Enabled" name="clickabilityOfButton" time="0.014"/>
  <system-out/>
  <testcase classname="testNG1.Enabled" name="loginFlow">
    <skipped/>
  </testcase> <!-- loginFlow -->
  <system-out/>
  <testcase classname="testNG1.Enabled" name="verifyTitle">
    <skipped/>
  </testcase> <!-- verifyTitle -->
  <system-out/>
</testsuite> <!-- testNG1.Enabled -->
