<?xml version="1.0" encoding="UTF-8"?>
<!-- Generated by org.testng.reporters.JUnitReportReporter -->
<testsuite hostname="DESKTOP-MN986D6" failures="0" tests="4" name="testNG2.DefaultAlphabeticallyExecution" time="0.025" errors="0" timestamp="2022-11-28T10:18:06 IST" skipped="0">
  <testcase classname="testNG2.DefaultAlphabeticallyExecution" name="clickabilityOfButton" time="0.002"/>
  <system-out/>
  <testcase classname="testNG2.DefaultAlphabeticallyExecution" name="applyButton" time="0.015"/>
  <system-out/>
  <testcase classname="testNG2.DefaultAlphabeticallyExecution" name="loginFlow" time="0.005"/>
  <system-out/>
  <testcase classname="testNG2.DefaultAlphabeticallyExecution" name="verifyTitle" time="0.003"/>
  <system-out/>
</testsuite> <!-- testNG2.DefaultAlphabeticallyExecution -->
