<?xml version="1.0" encoding="UTF-8"?>
<!-- Generated by org.testng.reporters.JUnitReportReporter -->
<testsuite hostname="DESKTOP-MN986D6" failures="0" tests="2" name="testNg.Test1" time="0.015" errors="0" timestamp="2022-10-30T20:24:32 IST" skipped="0">
  <testcase classname="testNg.Test1" name="testCase3" time="0.012"/>
  <system-out/>
  <testcase classname="testNg.Test1" name="testCase4" time="0.003"/>
  <system-out/>
</testsuite> <!-- testNg.Test1 -->
