<?xml version="1.0" encoding="UTF-8"?>
<!-- Generated by org.testng.reporters.JUnitReportReporter -->
<testsuite hostname="DESKTOP-MN986D6" failures="0" tests="2" name="testNG1.NewTest1" time="0.005" errors="0" timestamp="2022-11-09T13:35:51 IST" skipped="0">
  <testcase classname="testNG1.NewTest1" name="testCase2" time="0.003"/>
  <system-out/>
  <testcase classname="testNG1.NewTest1" name="testCase1" time="0.002"/>
  <system-out/>
</testsuite> <!-- testNG1.NewTest1 -->
