<?xml version="1.0" encoding="UTF-8"?>
<!-- Generated by org.testng.reporters.JUnitReportReporter -->
<testsuite hostname="DESKTOP-MN986D6" failures="0" tests="2" name="testNg.Test2" time="0.007" errors="0" timestamp="2022-10-30T20:24:32 IST" skipped="0">
  <testcase classname="testNg.Test2" name="testCase1" time="0.003"/>
  <system-out/>
  <testcase classname="testNg.Test2" name="testCase2" time="0.004"/>
  <system-out/>
</testsuite> <!-- testNg.Test2 -->
