<?xml version="1.0" encoding="UTF-8"?>
<!-- Generated by org.testng.reporters.JUnitReportReporter -->
<testsuite hostname="DESKTOP-MN986D6" failures="0" tests="4" name="testNG1.Group2" time="0.010" errors="0" timestamp="2022-11-28T16:40:14 IST" skipped="0">
  <testcase classname="testNG1.Group2" name="loginFlow" time="0.003"/>
  <system-out/>
  <testcase classname="testNG1.Group2" name="clickabilityOfButton" time="0.002"/>
  <system-out/>
  <testcase classname="testNG1.Group2" name="enterCred" time="0.003"/>
  <system-out/>
  <testcase classname="testNG1.Group2" name="verifyTitle" time="0.002"/>
  <system-out/>
</testsuite> <!-- testNG1.Group2 -->
