<?xml version="1.0" encoding="UTF-8"?>
<!-- Generated by org.testng.reporters.JUnitReportReporter -->
<testsuite hostname="DESKTOP-MN986D6" failures="0" tests="2" name="testNG2.Group2" time="0.005" errors="0" timestamp="2022-11-28T15:53:29 IST" skipped="0">
  <testcase classname="testNG2.Group2" name="frameHandle" time="0.003"/>
  <system-out/>
  <testcase classname="testNG2.Group2" name="captureScreen" time="0.002"/>
  <system-out/>
</testsuite> <!-- testNG2.Group2 -->
