<?xml version="1.0" encoding="UTF-8"?>
<!-- Generated by org.testng.reporters.JUnitReportReporter -->
<testsuite hostname="DESKTOP-MN986D6" failures="0" tests="4" name="testNG1.PriorityWiseExecution" time="0.025" errors="0" timestamp="2022-11-27T20:35:46 IST" skipped="0">
  <testcase classname="testNG1.PriorityWiseExecution" name="applyButton" time="0.016"/>
  <system-out/>
  <testcase classname="testNG1.PriorityWiseExecution" name="loginFlow" time="0.005"/>
  <system-out/>
  <testcase classname="testNG1.PriorityWiseExecution" name="verifyTitle" time="0.002"/>
  <system-out/>
  <testcase classname="testNG1.PriorityWiseExecution" name="clickabilityOfButton" time="0.002"/>
  <system-out/>
</testsuite> <!-- testNG1.PriorityWiseExecution -->
