<?xml version="1.0" encoding="UTF-8"?>
<!-- Generated by org.testng.reporters.JUnitReportReporter -->
<testsuite hostname="DESKTOP-MN986D6" failures="0" tests="2" name="testNG1.Test2" time="0.008" errors="0" timestamp="2022-11-27T20:15:21 IST" skipped="0">
  <testcase classname="testNG1.Test2" name="testCase4" time="0.005"/>
  <system-out/>
  <testcase classname="testNG1.Test2" name="testCase3" time="0.003"/>
  <system-out/>
</testsuite> <!-- testNG1.Test2 -->
