<?xml version="1.0" encoding="UTF-8"?>
<!-- Generated by org.testng.reporters.JUnitReportReporter -->
<testsuite hostname="DESKTOP-MN986D6" failures="0" tests="8" name="testNG1.InvocationCount" time="0.040" errors="0" timestamp="2022-11-27T20:53:20 IST" skipped="0">
  <testcase classname="testNG1.InvocationCount" name="clickabilityOfButton" time="0.004"/>
  <system-out/>
  <testcase classname="testNG1.InvocationCount" name="verifyTitle" time="0.003"/>
  <system-out/>
  <testcase classname="testNG1.InvocationCount" name="clickabilityOfButton" time="0.002"/>
  <system-out/>
  <testcase classname="testNG1.InvocationCount" name="clickabilityOfButton" time="0.019"/>
  <system-out/>
  <testcase classname="testNG1.InvocationCount" name="verifyTitle" time="0.002"/>
  <system-out/>
  <testcase classname="testNG1.InvocationCount" name="loginFlow" time="0.002"/>
  <system-out/>
  <testcase classname="testNG1.InvocationCount" name="loginFlow" time="0.003"/>
  <system-out/>
  <testcase classname="testNG1.InvocationCount" name="enterCred" time="0.005"/>
  <system-out/>
</testsuite> <!-- testNG1.InvocationCount -->
