<?xml version="1.0" encoding="UTF-8"?>
<!-- Generated by org.testng.reporters.JUnitReportReporter -->
<testsuite hostname="DESKTOP-MN986D6" failures="0" tests="4" name="testNG1.Decription" time="0.022" errors="0" timestamp="2022-11-09T14:41:03 IST" skipped="0">
  <testcase classname="testNG1.Decription" name="enterCred" time="0.003"/>
  <system-out/>
  <testcase classname="testNG1.Decription" name="verifyTitle" time="0.003"/>
  <system-out/>
  <testcase classname="testNG1.Decription" name="clickabilityOfButton" time="0.013"/>
  <system-out/>
  <testcase classname="testNG1.Decription" name="loginFlow" time="0.003"/>
  <system-out/>
</testsuite> <!-- testNG1.Decription -->
