<?xml version="1.0" encoding="UTF-8"?>
<!-- Generated by org.testng.reporters.JUnitReportReporter -->
<testsuite hostname="DESKTOP-MN986D6" failures="0" tests="4" name="testNG1.DefaultExecution" time="0.018" errors="0" timestamp="2022-11-27T20:31:56 IST" skipped="0">
  <testcase classname="testNG1.DefaultExecution" name="clickabilityOfButton" time="0.002"/>
  <system-out/>
  <testcase classname="testNG1.DefaultExecution" name="loginFlow" time="0.002"/>
  <system-out/>
  <testcase classname="testNG1.DefaultExecution" name="applyButton" time="0.012"/>
  <system-out/>
  <testcase classname="testNG1.DefaultExecution" name="verifyTitle" time="0.002"/>
  <system-out/>
</testsuite> <!-- testNG1.DefaultExecution -->
