<?xml version="1.0" encoding="UTF-8"?>
<!-- Generated by org.testng.reporters.JUnitReportReporter -->
<testsuite hostname="DESKTOP-MN986D6" failures="0" tests="4" name="testNG2.DependsOnMethods" time="0.025" errors="0" timestamp="2022-11-28T10:34:29 IST" skipped="0">
  <testcase classname="testNG2.DependsOnMethods" name="clickabilityOfButton" time="0.016"/>
  <system-out/>
  <testcase classname="testNG2.DependsOnMethods" name="enterCred" time="0.003"/>
  <system-out/>
  <testcase classname="testNG2.DependsOnMethods" name="loginFlow" time="0.003"/>
  <system-out/>
  <testcase classname="testNG2.DependsOnMethods" name="verifyTitle" time="0.003"/>
  <system-out/>
</testsuite> <!-- testNG2.DependsOnMethods -->
