<?xml version="1.0" encoding="UTF-8"?>
<!-- Generated by org.testng.reporters.JUnitReportReporter -->
<testsuite hostname="DESKTOP-MN986D6" failures="0" tests="4" name="testNg.Test4" time="0.074" errors="0" timestamp="2022-10-30T21:30:12 IST" skipped="0">
  <testcase classname="testNg.Test4" name="loginFlow" time="0.010"/>
  <system-out/>
  <testcase classname="testNg.Test4" name="verifyTitle" time="0.010"/>
  <system-out/>
  <testcase classname="testNg.Test4" name="clickabilityOfButton" time="0.023"/>
  <system-out/>
  <testcase classname="testNg.Test4" name="applyButton" time="0.031"/>
  <system-out/>
</testsuite> <!-- testNg.Test4 -->
