<?xml version="1.0" encoding="UTF-8"?>
<!-- Generated by org.testng.reporters.JUnitReportReporter -->
<testsuite hostname="DESKTOP-MN986D6" failures="0" tests="2" name="testNG2.CrossBrowser1" time="0.038" errors="0" timestamp="2022-11-28T15:26:51 IST" skipped="0">
  <testcase classname="testNG2.CrossBrowser1" name="verifyTitle" time="0.023"/>
  <system-out/>
  <testcase classname="testNG2.CrossBrowser1" name="verifyUrl" time="0.015"/>
  <system-out/>
</testsuite> <!-- testNG2.CrossBrowser1 -->
